0 info it worked if it ends with ok
1 verbose cli [ '/home/anders/.nvm/versions/node/v5.4.0/bin/node',
1 verbose cli   '/home/anders/.nvm/versions/node/v5.4.0/bin/npm',
1 verbose cli   'version',
1 verbose cli   'minor' ]
2 info using npm@3.3.12
3 info using node@v5.4.0
4 info git [ 'status', '--porcelain' ]
5 verbose stack Error: Git working directory not clean.
5 verbose stack M lib/models/Collection.js
5 verbose stack M lib/models/Feature.js
5 verbose stack M lib/models/collection/add-rm-features.js
5 verbose stack D lib/utils/feat-all-points.js
5 verbose stack D lib/utils/feat-bbox.js
5 verbose stack M readme.md
5 verbose stack     at /home/anders/.nvm/versions/node/v5.4.0/lib/node_modules/npm/lib/version.js:172:21
5 verbose stack     at ChildProcess.exithandler (child_process.js:204:7)
5 verbose stack     at emitTwo (events.js:87:13)
5 verbose stack     at ChildProcess.emit (events.js:172:7)
5 verbose stack     at maybeClose (internal/child_process.js:821:16)
5 verbose stack     at Socket.<anonymous> (internal/child_process.js:319:11)
5 verbose stack     at emitOne (events.js:77:13)
5 verbose stack     at Socket.emit (events.js:169:7)
5 verbose stack     at Pipe._onclose (net.js:469:12)
6 verbose cwd /home/anders/Documents/npm/idris-geojson-model
7 error Linux 4.2.0-35-generic
8 error argv "/home/anders/.nvm/versions/node/v5.4.0/bin/node" "/home/anders/.nvm/versions/node/v5.4.0/bin/npm" "version" "minor"
9 error node v5.4.0
10 error npm  v3.3.12
11 error Git working directory not clean.
11 error M lib/models/Collection.js
11 error M lib/models/Feature.js
11 error M lib/models/collection/add-rm-features.js
11 error D lib/utils/feat-all-points.js
11 error D lib/utils/feat-bbox.js
11 error M readme.md
12 error If you need help, you may report this error at:
12 error     <https://github.com/npm/npm/issues>
13 verbose exit [ 1, true ]
